<?xml version="1.0" encoding="UTF-8"?>
<!-- Generated by org.testng.reporters.JUnitReportReporter -->
<testsuite hostname="DESKTOP-TNF1U28" failures="0" tests="1" name="tests.Tests" time="5.345" errors="0" timestamp="2020-04-05T19:46:44 EEST" skipped="0">
  <testcase classname="tests.Tests" name="C227_validate_SignInpage" time="5.345"/>
  <system-out/>
</testsuite> <!-- tests.Tests -->
